Build started 10.2.2014. 1:00:54.
     1>Project "D:\mod source\New folder\sp\src\utils\serverplugin_sample\serverplugin_empty.vcxproj" on node 2 (Build target(s)).
     1>PreBuildEvent:
         if EXIST ..\..\..\game\bin\.\serverplugin_empty.dll for /f "delims=" %%A in ('attrib "..\..\..\game\bin\.\serverplugin_empty.dll"') do set valveTmpIsReadOnly="%%A"
         set valveTmpIsReadOnlyLetter=%valveTmpIsReadOnly:~6,1%
         if "%valveTmpIsReadOnlyLetter%"=="R" del /q "D:\mod source\New folder\sp\src\utils\serverplugin_sample\Debug\"serverplugin_empty.dll
         if exist "..\..\devtools\bin\vpc.exe" "..\..\devtools\bin\vpc.exe" -crc2 "serverplugin_empty.vcxproj"
         if ERRORLEVEL 1 exit /b 1
         
         :VCEnd
       CustomBuild:
         Running VPC CRC Check - serverplugin_empty.vpc
       Link:
         serverplugin_empty.vcxproj -> D:\mod source\New folder\sp\src\utils\serverplugin_sample\.\Debug\.\serverplugin_empty.dll
       PostBuildEvent:
         if not exist "..\..\..\game\bin\." mkdir "..\..\..\game\bin\."
         copy "D:\mod source\New folder\sp\src\utils\serverplugin_sample\Debug\serverplugin_empty.dll" "..\..\..\game\bin\.\serverplugin_empty.dll"
         if ERRORLEVEL 1 goto BuildEventFailed
         if exist "D:\mod source\New folder\sp\src\utils\serverplugin_sample\Debug\serverplugin_empty.map" copy "D:\mod source\New folder\sp\src\utils\serverplugin_sample\Debug\serverplugin_empty.map" ..\..\..\game\bin\.\serverplugin_empty.map
         copy "D:\mod source\New folder\sp\src\utils\serverplugin_sample\Debug\serverplugin_empty.pdb" ..\..\..\game\bin\.\serverplugin_empty.pdb
         if ERRORLEVEL 1 goto BuildEventFailed
         goto BuildEventOK
         :BuildEventFailed
         echo *** ERROR! PostBuildStep FAILED for Serverplugin_empty! EXE or DLL is probably running. ***
         del /q "D:\mod source\New folder\sp\src\utils\serverplugin_sample\Debug\serverplugin_empty.dll"
         exit 1
         :BuildEventOK
         
         :VCEnd
                 1 file(s) copied.
                 1 file(s) copied.
     1>Done Building Project "D:\mod source\New folder\sp\src\utils\serverplugin_sample\serverplugin_empty.vcxproj" (Build target(s)).

Build succeeded.

Time Elapsed 00:00:00.23
