Build started 21.3.2014. 1:45:07.
     1>Project "D:\mod source\New folder\sp\src\utils\vtfdiff\vtfdiff.vcxproj" on node 2 (Build target(s)).
     1>PreBuildEvent:
         if EXIST ..\..\..\game\bin\.\vtfdiff.exe for /f "delims=" %%A in ('attrib "..\..\..\game\bin\.\vtfdiff.exe"') do set valveTmpIsReadOnly="%%A"
         set valveTmpIsReadOnlyLetter=%valveTmpIsReadOnly:~6,1%
         if "%valveTmpIsReadOnlyLetter%"=="R" del /q "D:\mod source\New folder\sp\src\utils\vtfdiff\Release\"vtfdiff.exe
         if exist "..\..\devtools\bin\vpc.exe" "..\..\devtools\bin\vpc.exe" -crc2 "vtfdiff.vcxproj"
         if ERRORLEVEL 1 exit /b 1
         
         :VCEnd
       CustomBuild:
         Running VPC CRC Check - vtfdiff.vpc
       Link:
         D:\Program Files (x86)\Microsoft Visual Studio 12.0\VC\bin\link.exe /ERRORREPORT:PROMPT /OUT:".\Release\.\\vtfdiff.exe" /INCREMENTAL:NO /NOLOGO shell32.lib user32.lib advapi32.lib gdi32.lib comdlg32.lib ole32.lib /NODEFAULTLIB:libc /NODEFAULTLIB:libcd /NODEFAULTLIB:libcmtd /MANIFEST /MANIFESTUAC:"level='asInvoker' uiAccess='false'" /manifest:embed /DEBUG /PDB:".\Release\.\/vtfdiff.pdb" /SUBSYSTEM:CONSOLE,"5.01" /OPT:REF /OPT:NOICF /TLBID:1 /DYNAMICBASE:NO /NXCOMPAT /IMPLIB:".\Release\.\vtfdiff.lib" /MACHINE:X86 /SAFESEH:NO /NXCOMPAT /ignore:4221 .\Release\.\\pointeroverride.obj
         .\Release\.\/memoverride.obj
         .\Release\.\/vtfdiff.obj
         ..\..\lib\public\bitmap.lib
         ..\..\lib\public\mathlib.lib
         ..\..\lib\public\tier0.lib
         ..\..\lib\public\tier1.lib
         ..\..\lib\public\tier2.lib
         ..\..\lib\public\vstdlib.lib
         ..\..\lib\public\vtf.lib
     1>tier1.lib(utlbuffer.obj) : warning LNK4075: ignoring '/EDITANDCONTINUE' due to '/OPT:LBR' specification
         vtfdiff.vcxproj -> D:\mod source\New folder\sp\src\utils\vtfdiff\.\Release\.\vtfdiff.exe
       PostBuildEvent:
         copy "D:\mod source\New folder\sp\src\utils\vtfdiff\Release\"vtfdiff.exe ..\..\..\game\bin\.\vtfdiff.exe >nul
         if ERRORLEVEL 1 goto BuildEventFailed
         if exist "D:\mod source\New folder\sp\src\utils\vtfdiff\Release\"vtfdiff.map copy "D:\mod source\New folder\sp\src\utils\vtfdiff\Release\"vtfdiff.map ..\..\..\game\bin\.\vtfdiff.map >nul
         copy "D:\mod source\New folder\sp\src\utils\vtfdiff\Release\"vtfdiff.pdb ..\..\..\game\bin\.\vtfdiff.pdb >nul
         if ERRORLEVEL 1 goto BuildEventFailed
         goto BuildEventOK
         :BuildEventFailed
         echo *** ERROR! PostBuildStep FAILED for Vtfdiff! EXE or DLL is probably running. ***
         del /q "D:\mod source\New folder\sp\src\utils\vtfdiff\Release\"vtfdiff.exe
         exit 1
         :BuildEventOK
         
         :VCEnd
     1>Done Building Project "D:\mod source\New folder\sp\src\utils\vtfdiff\vtfdiff.vcxproj" (Build target(s)).

Build succeeded.

Time Elapsed 00:00:02.30
