Build started 21.3.2014. 1:44:58.
     1>Project "D:\mod source\New folder\sp\src\utils\tgadiff\tgadiff.vcxproj" on node 4 (Build target(s)).
     1>PreBuildEvent:
         if EXIST ..\..\..\game\bin\.\tgadiff.exe for /f "delims=" %%A in ('attrib "..\..\..\game\bin\.\tgadiff.exe"') do set valveTmpIsReadOnly="%%A"
         set valveTmpIsReadOnlyLetter=%valveTmpIsReadOnly:~6,1%
         if "%valveTmpIsReadOnlyLetter%"=="R" del /q "D:\mod source\New folder\sp\src\utils\tgadiff\Release\"tgadiff.exe
         if exist "..\..\devtools\bin\vpc.exe" "..\..\devtools\bin\vpc.exe" -crc2 "tgadiff.vcxproj"
         if ERRORLEVEL 1 exit /b 1
         
         :VCEnd
       CustomBuild:
         Running VPC CRC Check - tgadiff.vpc
       Link:
         D:\Program Files (x86)\Microsoft Visual Studio 12.0\VC\bin\link.exe /ERRORREPORT:PROMPT /OUT:".\Release\.\\tgadiff.exe" /INCREMENTAL:NO /NOLOGO shell32.lib user32.lib advapi32.lib gdi32.lib comdlg32.lib ole32.lib /NODEFAULTLIB:libc /NODEFAULTLIB:libcd /NODEFAULTLIB:libcmtd /MANIFEST /MANIFESTUAC:"level='asInvoker' uiAccess='false'" /manifest:embed /DEBUG /PDB:".\Release\.\/tgadiff.pdb" /SUBSYSTEM:CONSOLE,"5.01" /OPT:REF /OPT:NOICF /TLBID:1 /DYNAMICBASE:NO /NXCOMPAT /IMPLIB:".\Release\.\tgadiff.lib" /MACHINE:X86 /SAFESEH:NO /NXCOMPAT /ignore:4221 .\Release\.\\pointeroverride.obj
         .\Release\.\/memoverride.obj
         .\Release\.\/tgadiff.obj
         ..\..\lib\public\bitmap.lib
         ..\..\lib\public\mathlib.lib
         ..\..\lib\public\tier0.lib
         ..\..\lib\public\tier1.lib
         ..\..\lib\public\tier2.lib
         ..\..\lib\public\vstdlib.lib
     1>mathlib.lib(mathlib_base.obj) : warning LNK4075: ignoring '/EDITANDCONTINUE' due to '/OPT:LBR' specification
            Creating library .\Release\.\tgadiff.lib and object .\Release\.\tgadiff.exp
         tgadiff.vcxproj -> D:\mod source\New folder\sp\src\utils\tgadiff\.\Release\.\tgadiff.exe
       PostBuildEvent:
         copy "D:\mod source\New folder\sp\src\utils\tgadiff\Release\"tgadiff.exe ..\..\..\game\bin\.\tgadiff.exe >nul
         if ERRORLEVEL 1 goto BuildEventFailed
         if exist "D:\mod source\New folder\sp\src\utils\tgadiff\Release\"tgadiff.map copy "D:\mod source\New folder\sp\src\utils\tgadiff\Release\"tgadiff.map ..\..\..\game\bin\.\tgadiff.map >nul
         copy "D:\mod source\New folder\sp\src\utils\tgadiff\Release\"tgadiff.pdb ..\..\..\game\bin\.\tgadiff.pdb >nul
         if ERRORLEVEL 1 goto BuildEventFailed
         goto BuildEventOK
         :BuildEventFailed
         echo *** ERROR! PostBuildStep FAILED for Tgadiff! EXE or DLL is probably running. ***
         del /q "D:\mod source\New folder\sp\src\utils\tgadiff\Release\"tgadiff.exe
         exit 1
         :BuildEventOK
         
         :VCEnd
     1>Done Building Project "D:\mod source\New folder\sp\src\utils\tgadiff\tgadiff.vcxproj" (Build target(s)).

Build succeeded.

Time Elapsed 00:00:01.77
