Build started 10.2.2014. 0:58:19.
     1>Project "D:\mod source\New folder\sp\src\utils\vtfdiff\vtfdiff.vcxproj" on node 5 (Build target(s)).
     1>PreBuildEvent:
         if EXIST ..\..\..\game\bin\.\vtfdiff.exe for /f "delims=" %%A in ('attrib "..\..\..\game\bin\.\vtfdiff.exe"') do set valveTmpIsReadOnly="%%A"
         set valveTmpIsReadOnlyLetter=%valveTmpIsReadOnly:~6,1%
         if "%valveTmpIsReadOnlyLetter%"=="R" del /q "D:\mod source\New folder\sp\src\utils\vtfdiff\Debug\"vtfdiff.exe
         if exist "..\..\devtools\bin\vpc.exe" "..\..\devtools\bin\vpc.exe" -crc2 "vtfdiff.vcxproj"
         if ERRORLEVEL 1 exit /b 1
         
         :VCEnd
       CustomBuild:
         Running VPC CRC Check - vtfdiff.vpc
       Link:
         vtfdiff.vcxproj -> D:\mod source\New folder\sp\src\utils\vtfdiff\.\Debug\.\vtfdiff.exe
       PostBuildEvent:
         copy "D:\mod source\New folder\sp\src\utils\vtfdiff\Debug\"vtfdiff.exe ..\..\..\game\bin\.\vtfdiff.exe >nul
         if ERRORLEVEL 1 goto BuildEventFailed
         if exist "D:\mod source\New folder\sp\src\utils\vtfdiff\Debug\"vtfdiff.map copy "D:\mod source\New folder\sp\src\utils\vtfdiff\Debug\"vtfdiff.map ..\..\..\game\bin\.\vtfdiff.map >nul
         copy "D:\mod source\New folder\sp\src\utils\vtfdiff\Debug\"vtfdiff.pdb ..\..\..\game\bin\.\vtfdiff.pdb >nul
         if ERRORLEVEL 1 goto BuildEventFailed
         goto BuildEventOK
         :BuildEventFailed
         echo *** ERROR! PostBuildStep FAILED for Vtfdiff! EXE or DLL is probably running. ***
         del /q "D:\mod source\New folder\sp\src\utils\vtfdiff\Debug\"vtfdiff.exe
         exit 1
         :BuildEventOK
         
         :VCEnd
     1>Done Building Project "D:\mod source\New folder\sp\src\utils\vtfdiff\vtfdiff.vcxproj" (Build target(s)).

Build succeeded.

Time Elapsed 00:00:01.38
