Build started 21.3.2014. 1:44:51.
     1>Project "D:\mod source\New folder\sp\src\utils\captioncompiler\captioncompiler.vcxproj" on node 3 (Build target(s)).
     1>PreBuildEvent:
         if EXIST ..\..\..\game\bin\.\captioncompiler.exe for /f "delims=" %%A in ('attrib "..\..\..\game\bin\.\captioncompiler.exe"') do set valveTmpIsReadOnly="%%A"
         set valveTmpIsReadOnlyLetter=%valveTmpIsReadOnly:~6,1%
         if "%valveTmpIsReadOnlyLetter%"=="R" del /q "D:\mod source\New folder\sp\src\utils\captioncompiler\Release\"captioncompiler.exe
         if exist "..\..\devtools\bin\vpc.exe" "..\..\devtools\bin\vpc.exe" -crc2 "captioncompiler.vcxproj"
         if ERRORLEVEL 1 exit /b 1
         
         :VCEnd
       CustomBuild:
         Running VPC CRC Check - captioncompiler.vpc
       Link:
         captioncompiler.vcxproj -> D:\mod source\New folder\sp\src\utils\captioncompiler\.\Release\.\captioncompiler.exe
       PostBuildEvent:
         copy "D:\mod source\New folder\sp\src\utils\captioncompiler\Release\"captioncompiler.exe ..\..\..\game\bin\.\captioncompiler.exe >nul
         if ERRORLEVEL 1 goto BuildEventFailed
         if exist "D:\mod source\New folder\sp\src\utils\captioncompiler\Release\"captioncompiler.map copy "D:\mod source\New folder\sp\src\utils\captioncompiler\Release\"captioncompiler.map ..\..\..\game\bin\.\captioncompiler.map >nul
         copy "D:\mod source\New folder\sp\src\utils\captioncompiler\Release\"captioncompiler.pdb ..\..\..\game\bin\.\captioncompiler.pdb >nul
         if ERRORLEVEL 1 goto BuildEventFailed
         goto BuildEventOK
         :BuildEventFailed
         echo *** ERROR! PostBuildStep FAILED for Captioncompiler! EXE or DLL is probably running. ***
         del /q "D:\mod source\New folder\sp\src\utils\captioncompiler\Release\"captioncompiler.exe
         exit 1
         :BuildEventOK
         
         :VCEnd
     1>Done Building Project "D:\mod source\New folder\sp\src\utils\captioncompiler\captioncompiler.vcxproj" (Build target(s)).

Build succeeded.

Time Elapsed 00:00:00.65
