Build started 21.3.2014. 1:44:55.
     1>Project "D:\mod source\New folder\sp\src\utils\phonemeextractor\phonemeextractor.vcxproj" on node 5 (Build target(s)).
     1>PreBuildEvent:
         if EXIST ..\..\..\game\bin\phonemeextractors\.\phonemeextractor.dll for /f "delims=" %%A in ('attrib "..\..\..\game\bin\phonemeextractors\.\phonemeextractor.dll"') do set valveTmpIsReadOnly="%%A"
         set valveTmpIsReadOnlyLetter=%valveTmpIsReadOnly:~6,1%
         if "%valveTmpIsReadOnlyLetter%"=="R" del /q "D:\mod source\New folder\sp\src\utils\phonemeextractor\Release\"phonemeextractor.dll
         if exist "..\..\devtools\bin\vpc.exe" "..\..\devtools\bin\vpc.exe" -crc2 "phonemeextractor.vcxproj"
         if ERRORLEVEL 1 exit /b 1
         
         :VCEnd
       CustomBuild:
         Running VPC CRC Check - phonemeextractor.vpc
       Link:
         D:\Program Files (x86)\Microsoft Visual Studio 12.0\VC\bin\link.exe /ERRORREPORT:PROMPT /OUT:".\Release\.\\phonemeextractor.dll" /INCREMENTAL:NO /NOLOGO /LIBPATH:..\..\lib\common\. /LIBPATH:..\..\lib\public\. shell32.lib user32.lib advapi32.lib gdi32.lib comdlg32.lib ole32.lib odbc32.lib odbccp32.lib /NODEFAULTLIB:libc /NODEFAULTLIB:libcd /NODEFAULTLIB:libcmtd /MANIFEST:NO /DEBUG /PDB:".\Release\.\/phonemeextractor.pdb" /SUBSYSTEM:WINDOWS,"5.01" /OPT:REF /OPT:NOICF /TLBID:1 /DYNAMICBASE:NO /NXCOMPAT /IMPLIB:".\Release\.\phonemeextractor.lib" /MACHINE:X86 /SAFESEH:NO  /ignore:4221 /DLL .\Release\.\\pointeroverride.obj
         .\Release\.\/extractor_utils.obj
         .\Release\.\/memoverride.obj
         .\Release\.\/phonemeconverter.obj
         .\Release\.\/phonemeextractor.obj
         .\Release\.\/sentence.obj
         ..\..\lib\public\mathlib.lib
         ..\sapi51\lib\i386\sapi.lib
         ..\..\lib\public\tier0.lib
         ..\..\lib\public\tier1.lib
         ..\..\lib\public\vstdlib.lib
     1>mathlib.lib(mathlib_base.obj) : warning LNK4075: ignoring '/EDITANDCONTINUE' due to '/OPT:LBR' specification
            Creating library .\Release\.\phonemeextractor.lib and object .\Release\.\phonemeextractor.exp
         phonemeextractor.vcxproj -> D:\mod source\New folder\sp\src\utils\phonemeextractor\.\Release\.\phonemeextractor.dll
       PostBuildEvent:
         if not exist "..\..\..\game\bin\phonemeextractors\." mkdir "..\..\..\game\bin\phonemeextractors\."
         copy "D:\mod source\New folder\sp\src\utils\phonemeextractor\Release\phonemeextractor.dll" "..\..\..\game\bin\phonemeextractors\.\phonemeextractor.dll"
         if ERRORLEVEL 1 goto BuildEventFailed
         if exist "D:\mod source\New folder\sp\src\utils\phonemeextractor\Release\phonemeextractor.map" copy "D:\mod source\New folder\sp\src\utils\phonemeextractor\Release\phonemeextractor.map" ..\..\..\game\bin\phonemeextractors\.\phonemeextractor.map
         copy "D:\mod source\New folder\sp\src\utils\phonemeextractor\Release\phonemeextractor.pdb" ..\..\..\game\bin\phonemeextractors\.\phonemeextractor.pdb
         if ERRORLEVEL 1 goto BuildEventFailed
         goto BuildEventOK
         :BuildEventFailed
         echo *** ERROR! PostBuildStep FAILED for Phonemeextractor! EXE or DLL is probably running. ***
         del /q "D:\mod source\New folder\sp\src\utils\phonemeextractor\Release\phonemeextractor.dll"
         exit 1
         :BuildEventOK
         
         :VCEnd
                 1 file(s) copied.
                 1 file(s) copied.
     1>Done Building Project "D:\mod source\New folder\sp\src\utils\phonemeextractor\phonemeextractor.vcxproj" (Build target(s)).

Build succeeded.

Time Elapsed 00:00:02.35
