Build started 21.3.2014. 1:24:46.
     1>Project "D:\mod source\New folder\sp\src\utils\vbsp\vbsp.vcxproj" on node 2 (Build target(s)).
     1>PreBuildEvent:
         if EXIST ..\..\..\game\bin\.\vbsp.exe for /f "delims=" %%A in ('attrib "..\..\..\game\bin\.\vbsp.exe"') do set valveTmpIsReadOnly="%%A"
         set valveTmpIsReadOnlyLetter=%valveTmpIsReadOnly:~6,1%
         if "%valveTmpIsReadOnlyLetter%"=="R" del /q "D:\mod source\New folder\sp\src\utils\vbsp\Debug\"vbsp.exe
         if exist "..\..\devtools\bin\vpc.exe" "..\..\devtools\bin\vpc.exe" -crc2 "vbsp.vcxproj"
         if ERRORLEVEL 1 exit /b 1
         
         :VCEnd
       CustomBuild:
         Running VPC CRC Check - vbsp.vpc
       ClCompile:
         D:\Program Files (x86)\Microsoft Visual Studio 12.0\VC\bin\CL.exe /c /I..\..\common /I..\..\public /I..\..\public\tier0 /I..\..\public\tier1 /I..\common /I..\vmpi /ZI /nologo /W4 /WX- /MP /Od /Oy- /D VPC /D RAD_TELEMETRY_DISABLED /D _HAS_ITERATOR_DEBUGGING=0 /D WIN32 /D _WIN32 /D _DEBUG /D DEBUG /D _WINDOWS /D _CRT_SECURE_NO_DEPRECATE /D _CRT_NONSTDC_NO_DEPRECATE /D _ALLOW_RUNTIME_LIBRARY_MISMATCH /D _ALLOW_ITERATOR_DEBUG_LEVEL_MISMATCH /D _ALLOW_MSC_VER_MISMATCH /D _USING_V110_SDK71_ /D _MBCS /D COMPILER_MSVC32 /D COMPILER_MSVC32 /D COMPILER_MSVC /D EXENAME=vbsp /D _DLL_EXT=.dll /D DEV_BUILD /D FRAME_POINTER_OMISSION_DISABLED /D MACRO_MATHLIB /D PROTECTED_THINGS_DISABLE /D _EXTERNAL_DLL_EXT=.dll /D VPCGAMECAPS=VALVE /D "PROJECTDIR=D:\mod source\New folder\sp\src\utils\vbsp" /D _DLL_EXT=.dll /D SOURCE1=1 /D VPCGAME=valve /GF /Gm- /MTd /GS /arch:SSE /fp:fast /Zc:wchar_t /Zc:forScope /GR /openmp- /Fo".\Debug\.\/" /Fd".\Debug\.\/vc120.pdb" /Gd /TP /wd4316 /analyze- /FC /errorReport:prompt vbsp.cpp
         vbsp.cpp
       Link:
         D:\Program Files (x86)\Microsoft Visual Studio 12.0\VC\bin\link.exe /ERRORREPORT:PROMPT /OUT:".\Debug\.\\vbsp.exe" /INCREMENTAL /NOLOGO shell32.lib user32.lib advapi32.lib gdi32.lib comdlg32.lib ole32.lib ws2_32.lib odbc32.lib odbccp32.lib winmm.lib /NODEFAULTLIB:libc /NODEFAULTLIB:libcd /NODEFAULTLIB:libcmt /MANIFEST /MANIFESTUAC:"level='asInvoker' uiAccess='false'" /manifest:embed /DEBUG /PDB:".\Debug\.\/vbsp.pdb" /SUBSYSTEM:CONSOLE,"5.01" /TLBID:1 /DYNAMICBASE:NO /NXCOMPAT /IMPLIB:".\Debug\.\vbsp.lib" /MACHINE:X86 /SAFESEH:NO /NXCOMPAT /ignore:4221 .\Debug\.\\pointeroverride.obj
         .\Debug\.\/boundbox.obj
         .\Debug\.\/brushbsp.obj
         .\Debug\.\/CollisionUtils.obj
         .\Debug\.\/csg.obj
         .\Debug\.\/cubemap.obj
         .\Debug\.\/detail.obj
         .\Debug\.\/detailObjects.obj
         .\Debug\.\/disp_common.obj
         .\Debug\.\/disp_ivp.obj
         .\Debug\.\/disp_powerinfo.obj
         .\Debug\.\/disp_vbsp.obj
         .\Debug\.\/faces.obj
         .\Debug\.\/glfile.obj
         .\Debug\.\/ivp.obj
         .\Debug\.\/leakfile.obj
         .\Debug\.\/loadcmdline.obj
         .\Debug\.\/lumpfiles.obj
         .\Debug\.\/manifest.obj
         .\Debug\.\/map.obj
         .\Debug\.\/materialpatch.obj
         .\Debug\.\/materialsub.obj
         .\Debug\.\/memoverride.obj
         .\Debug\.\/mstristrip.obj
         .\Debug\.\/nodraw.obj
         .\Debug\.\/normals.obj
         .\Debug\.\/overlay.obj
         .\Debug\.\/physdll.obj
         .\Debug\.\/portals.obj
         .\Debug\.\/prtfile.obj
         .\Debug\.\/ScratchPad3D.obj
         .\Debug\.\/scratchpad_helpers.obj
         .\Debug\.\/StaticProp.obj
         .\Debug\.\/textures.obj
         .\Debug\.\/tree.obj
         .\Debug\.\/utilmatlib.obj
         .\Debug\.\/vbsp.obj
         .\Debug\.\/worldvertextransitionfixup.obj
         .\Debug\.\/writebsp.obj
         .\Debug\.\/zip_utils.obj
         .\Debug\.\/bsplib.obj
         .\Debug\.\/builddisp.obj
         .\Debug\.\/ChunkFile.obj
         .\Debug\.\/cmdlib.obj
         .\Debug\.\/filesystem_helpers.obj
         .\Debug\.\/filesystem_init.obj
         .\Debug\.\/filesystem_tools.obj
         .\Debug\.\/map_shared.obj
         .\Debug\.\/pacifier.obj
         .\Debug\.\/polylib.obj
         .\Debug\.\/scriplib.obj
         .\Debug\.\/threads.obj
         .\Debug\.\/tools_minidump.obj
         ..\..\lib\public\bitmap.lib
         ..\..\lib\public\fgdlib.lib
         ..\..\lib\public\mathlib.lib
         ..\..\lib\public\tier0.lib
         ..\..\lib\public\tier1.lib
         ..\..\lib\public\tier2.lib
         ..\..\lib\public\vstdlib.lib
         ..\..\lib\public\vtf.lib
         vbsp.vcxproj -> D:\mod source\New folder\sp\src\utils\vbsp\.\Debug\.\vbsp.exe
       PostBuildEvent:
         copy "D:\mod source\New folder\sp\src\utils\vbsp\Debug\"vbsp.exe ..\..\..\game\bin\.\vbsp.exe >nul
         if ERRORLEVEL 1 goto BuildEventFailed
         if exist "D:\mod source\New folder\sp\src\utils\vbsp\Debug\"vbsp.map copy "D:\mod source\New folder\sp\src\utils\vbsp\Debug\"vbsp.map ..\..\..\game\bin\.\vbsp.map >nul
         copy "D:\mod source\New folder\sp\src\utils\vbsp\Debug\"vbsp.pdb ..\..\..\game\bin\.\vbsp.pdb >nul
         if ERRORLEVEL 1 goto BuildEventFailed
         goto BuildEventOK
         :BuildEventFailed
         echo *** ERROR! PostBuildStep FAILED for Vbsp! EXE or DLL is probably running. ***
         del /q "D:\mod source\New folder\sp\src\utils\vbsp\Debug\"vbsp.exe
         exit 1
         :BuildEventOK
         
         :VCEnd
     1>Done Building Project "D:\mod source\New folder\sp\src\utils\vbsp\vbsp.vcxproj" (Build target(s)).

Build succeeded.

Time Elapsed 00:00:02.15
