Build started 10.2.2014. 0:58:13.
     1>Project "D:\mod source\New folder\sp\src\game\client\client_hl2.vcxproj" on node 2 (Build target(s)).
     1>PreBuildEvent:
         if EXIST ..\..\..\game\mod_hl2\bin\.\client.dll for /f "delims=" %%A in ('attrib "..\..\..\game\mod_hl2\bin\.\client.dll"') do set valveTmpIsReadOnly="%%A"
         set valveTmpIsReadOnlyLetter=%valveTmpIsReadOnly:~6,1%
         if "%valveTmpIsReadOnlyLetter%"=="R" del /q "D:\mod source\New folder\sp\src\game\client\Debug_mod_hl2\"client.dll
         if exist "..\..\devtools\bin\vpc.exe" "..\..\devtools\bin\vpc.exe" -crc2 "client_hl2.vcxproj"
         if ERRORLEVEL 1 exit /b 1
         
         :VCEnd
       CustomBuild:
         Running VPC CRC Check - client_hl2.vpc
       Link:
         client_hl2.vcxproj -> D:\mod source\New folder\sp\src\game\client\.\Debug_mod_hl2\client.dll
       PostBuildEvent:
         if not exist "..\..\..\game\mod_hl2\bin\." mkdir "..\..\..\game\mod_hl2\bin\."
         copy "D:\mod source\New folder\sp\src\game\client\Debug_mod_hl2\client.dll" "..\..\..\game\mod_hl2\bin\.\client.dll"
         if ERRORLEVEL 1 goto BuildEventFailed
         if exist "D:\mod source\New folder\sp\src\game\client\Debug_mod_hl2\client.map" copy "D:\mod source\New folder\sp\src\game\client\Debug_mod_hl2\client.map" ..\..\..\game\mod_hl2\bin\.\client.map
         copy "D:\mod source\New folder\sp\src\game\client\Debug_mod_hl2\client.pdb" ..\..\..\game\mod_hl2\bin\.\client.pdb
         if ERRORLEVEL 1 goto BuildEventFailed
         goto BuildEventOK
         :BuildEventFailed
         echo *** ERROR! PostBuildStep FAILED for Client (HL2)! EXE or DLL is probably running. ***
         del /q "D:\mod source\New folder\sp\src\game\client\Debug_mod_hl2\client.dll"
         exit 1
         :BuildEventOK
         
         :VCEnd
                 1 file(s) copied.
                 1 file(s) copied.
     1>Done Building Project "D:\mod source\New folder\sp\src\game\client\client_hl2.vcxproj" (Build target(s)).

Build succeeded.

Time Elapsed 00:00:01.89
