Build started 21.3.2014. 1:45:07.
     1>Project "D:\mod source\New folder\sp\src\utils\vtf2tga\vtf2tga.vcxproj" on node 5 (Build target(s)).
     1>PreBuildEvent:
         if EXIST ..\..\..\game\bin\.\vtf2tga.exe for /f "delims=" %%A in ('attrib "..\..\..\game\bin\.\vtf2tga.exe"') do set valveTmpIsReadOnly="%%A"
         set valveTmpIsReadOnlyLetter=%valveTmpIsReadOnly:~6,1%
         if "%valveTmpIsReadOnlyLetter%"=="R" del /q "D:\mod source\New folder\sp\src\utils\vtf2tga\Release\"vtf2tga.exe
         if exist "..\..\devtools\bin\vpc.exe" "..\..\devtools\bin\vpc.exe" -crc2 "vtf2tga.vcxproj"
         if ERRORLEVEL 1 exit /b 1
         
         :VCEnd
       CustomBuild:
         Running VPC CRC Check - vtf2tga.vpc
       Link:
         D:\Program Files (x86)\Microsoft Visual Studio 12.0\VC\bin\link.exe /ERRORREPORT:PROMPT /OUT:".\Release\.\\vtf2tga.exe" /INCREMENTAL:NO /NOLOGO shell32.lib user32.lib advapi32.lib gdi32.lib comdlg32.lib ole32.lib /NODEFAULTLIB:libc /NODEFAULTLIB:libcd /NODEFAULTLIB:libcmtd /MANIFEST /MANIFESTUAC:"level='asInvoker' uiAccess='false'" /manifest:embed /DEBUG /PDB:".\Release\.\/vtf2tga.pdb" /SUBSYSTEM:CONSOLE,"5.01" /OPT:REF /OPT:NOICF /TLBID:1 /DYNAMICBASE:NO /NXCOMPAT /IMPLIB:".\Release\.\vtf2tga.lib" /MACHINE:X86 /SAFESEH:NO /NXCOMPAT /ignore:4221 .\Release\.\\pointeroverride.obj
         .\Release\.\/memoverride.obj
         .\Release\.\/vtf2tga.obj
         ..\..\lib\public\bitmap.lib
         ..\..\lib\public\mathlib.lib
         ..\..\lib\public\tier0.lib
         ..\..\lib\public\tier1.lib
         ..\..\lib\public\tier2.lib
         ..\..\lib\public\vstdlib.lib
         ..\..\lib\public\vtf.lib
     1>mathlib.lib(mathlib_base.obj) : warning LNK4075: ignoring '/EDITANDCONTINUE' due to '/OPT:LBR' specification
            Creating library .\Release\.\vtf2tga.lib and object .\Release\.\vtf2tga.exp
         vtf2tga.vcxproj -> D:\mod source\New folder\sp\src\utils\vtf2tga\.\Release\.\vtf2tga.exe
       PostBuildEvent:
         copy "D:\mod source\New folder\sp\src\utils\vtf2tga\Release\"vtf2tga.exe ..\..\..\game\bin\.\vtf2tga.exe >nul
         if ERRORLEVEL 1 goto BuildEventFailed
         if exist "D:\mod source\New folder\sp\src\utils\vtf2tga\Release\"vtf2tga.map copy "D:\mod source\New folder\sp\src\utils\vtf2tga\Release\"vtf2tga.map ..\..\..\game\bin\.\vtf2tga.map >nul
         copy "D:\mod source\New folder\sp\src\utils\vtf2tga\Release\"vtf2tga.pdb ..\..\..\game\bin\.\vtf2tga.pdb >nul
         if ERRORLEVEL 1 goto BuildEventFailed
         goto BuildEventOK
         :BuildEventFailed
         echo *** ERROR! PostBuildStep FAILED for Vtf2tga! EXE or DLL is probably running. ***
         del /q "D:\mod source\New folder\sp\src\utils\vtf2tga\Release\"vtf2tga.exe
         exit 1
         :BuildEventOK
         
         :VCEnd
     1>Done Building Project "D:\mod source\New folder\sp\src\utils\vtf2tga\vtf2tga.vcxproj" (Build target(s)).

Build succeeded.

Time Elapsed 00:00:01.96
