Build started 3.5.2014. 18:32:00.
     1>Project "D:\mod source\New folder\sp\src\game\server\server_episodic.vcxproj" on node 2 (Build target(s)).
     1>C:\Program Files (x86)\MSBuild\Microsoft.Cpp\v4.0\V120\Microsoft.CppBuild.targets(381,5): warning MSB8028: The intermediate directory (.\Release_mod_episodic\) contains files shared from another project (Server (Episodic).vcxproj).  This can lead to incorrect clean and rebuild behavior.
     1>PreBuildEvent:
         if EXIST D:\Program Files (x86)\Steam\SteamApps\sourcemods\insolence_2013\bin\.\server.dll for /f "delims=" %%A in ('attrib "D:\Program Files (x86)\Steam\SteamApps\sourcemods\insolence_2013\bin\.\server.dll"') do set valveTmpIsReadOnly="%%A"
         set valveTmpIsReadOnlyLetter=%valveTmpIsReadOnly:~6,1%
         if "%valveTmpIsReadOnlyLetter%"=="R" del /q "D:\mod source\New folder\sp\src\game\server\Release_mod_episodic\"server.dll
         if exist "..\..\devtools\bin\vpc.exe" "..\..\devtools\bin\vpc.exe" -crc2 "server_episodic.vcxproj"
         if ERRORLEVEL 1 exit /b 1
         
         :VCEnd
       CustomBuild:
         Running VPC CRC Check - server_episodic.vpc
       Link:
         server_episodic.vcxproj -> D:\mod source\New folder\sp\src\game\server\.\Release_mod_episodic\server.dll
       PostBuildEvent:
         if not exist "D:\Program Files (x86)\Steam\SteamApps\sourcemods\insolence-git\bin\." mkdir "D:\Program Files (x86)\Steam\SteamApps\sourcemods\insolence-git\bin\."
         copy "D:\mod source\New folder\sp\src\game\server\Release_mod_episodic\server.dll" "D:\Program Files (x86)\Steam\SteamApps\sourcemods\insolence-git\bin\.\server.dll"
         if ERRORLEVEL 1 goto BuildEventFailed
         if exist "D:\mod source\New folder\sp\src\game\server\Release_mod_episodic\server.map" copy "D:\mod source\New folder\sp\src\game\server\Release_mod_episodic\server.map" "D:\Program Files (x86)\Steam\SteamApps\sourcemods\insolence-git\bin\.\server.map"
         copy "D:\mod source\New folder\sp\src\game\server\Release_mod_episodic\server.pdb" "D:\Program Files (x86)\Steam\SteamApps\sourcemods\insolence-git\bin\.\server.pdb"
         if ERRORLEVEL 1 goto BuildEventFailed
         goto BuildEventOK
         :BuildEventFailed
         echo *** ERROR! PostBuildStep FAILED for Server (Insolence)! EXE or DLL is probably running. ***
         del /q "D:\mod source\New folder\sp\src\game\server\Release_mod_episodic\server.dll"
         exit 1
         :BuildEventOK
         
         :VCEnd
                 1 file(s) copied.
                 1 file(s) copied.
     1>Done Building Project "D:\mod source\New folder\sp\src\game\server\server_episodic.vcxproj" (Build target(s)).

Build succeeded.

Time Elapsed 00:00:00.95
