d:\mod source\new folder\sp\src\mathlib\debug\vc120.pdb
d:\mod source\new folder\sp\src\mathlib\mathlib.vpc.sentinel
d:\mod source\new folder\sp\src\lib\public\mathlib.lib
d:\mod source\new folder\sp\src\mathlib\debug\3dnow.obj
d:\mod source\new folder\sp\src\mathlib\debug\almostequal.obj
d:\mod source\new folder\sp\src\mathlib\debug\anorms.obj
d:\mod source\new folder\sp\src\mathlib\debug\bumpvects.obj
d:\mod source\new folder\sp\src\mathlib\debug\color_conversion.obj
d:\mod source\new folder\sp\src\mathlib\debug\halton.obj
d:\mod source\new folder\sp\src\mathlib\debug\icekey.obj
d:\mod source\new folder\sp\src\mathlib\debug\imagequant.obj
d:\mod source\new folder\sp\src\mathlib\debug\lightdesc.obj
d:\mod source\new folder\sp\src\mathlib\debug\mathlib_base.obj
d:\mod source\new folder\sp\src\mathlib\debug\polyhedron.obj
d:\mod source\new folder\sp\src\mathlib\debug\powsse.obj
d:\mod source\new folder\sp\src\mathlib\debug\quantize.obj
d:\mod source\new folder\sp\src\mathlib\debug\randsse.obj
d:\mod source\new folder\sp\src\mathlib\debug\simdvectormatrix.obj
d:\mod source\new folder\sp\src\mathlib\debug\sparse_convolution_noise.obj
d:\mod source\new folder\sp\src\mathlib\debug\spherical.obj
d:\mod source\new folder\sp\src\mathlib\debug\sse.obj
d:\mod source\new folder\sp\src\mathlib\debug\sseconst.obj
d:\mod source\new folder\sp\src\mathlib\debug\ssenoise.obj
d:\mod source\new folder\sp\src\mathlib\debug\vector.obj
d:\mod source\new folder\sp\src\mathlib\debug\vmatrix.obj
d:\mod source\new folder\sp\src\mathlib\debug\vc120.idb
d:\mod source\new folder\sp\src\mathlib\..\lib\public\.\mathlib.lib
d:\mod source\new folder\sp\src\mathlib\debug\mathlib.tlog\cl.command.1.tlog
d:\mod source\new folder\sp\src\mathlib\debug\mathlib.tlog\cl.read.1.tlog
d:\mod source\new folder\sp\src\mathlib\debug\mathlib.tlog\cl.write.1.tlog
d:\mod source\new folder\sp\src\mathlib\debug\mathlib.tlog\custombuild.command.1.tlog
d:\mod source\new folder\sp\src\mathlib\debug\mathlib.tlog\custombuild.read.1.tlog
d:\mod source\new folder\sp\src\mathlib\debug\mathlib.tlog\custombuild.write.1.tlog
d:\mod source\new folder\sp\src\mathlib\debug\mathlib.tlog\lib-link.read.1.tlog
d:\mod source\new folder\sp\src\mathlib\debug\mathlib.tlog\lib-link.write.1.tlog
d:\mod source\new folder\sp\src\mathlib\debug\mathlib.tlog\lib.command.1.tlog
