Build started 10.2.2014. 0:58:19.
     1>Project "D:\mod source\New folder\sp\src\utils\vtf2tga\vtf2tga.vcxproj" on node 3 (Build target(s)).
     1>PreBuildEvent:
         if EXIST ..\..\..\game\bin\.\vtf2tga.exe for /f "delims=" %%A in ('attrib "..\..\..\game\bin\.\vtf2tga.exe"') do set valveTmpIsReadOnly="%%A"
         set valveTmpIsReadOnlyLetter=%valveTmpIsReadOnly:~6,1%
         if "%valveTmpIsReadOnlyLetter%"=="R" del /q "D:\mod source\New folder\sp\src\utils\vtf2tga\Debug\"vtf2tga.exe
         if exist "..\..\devtools\bin\vpc.exe" "..\..\devtools\bin\vpc.exe" -crc2 "vtf2tga.vcxproj"
         if ERRORLEVEL 1 exit /b 1
         
         :VCEnd
       CustomBuild:
         Running VPC CRC Check - vtf2tga.vpc
       Link:
         vtf2tga.vcxproj -> D:\mod source\New folder\sp\src\utils\vtf2tga\.\Debug\.\vtf2tga.exe
       PostBuildEvent:
         copy "D:\mod source\New folder\sp\src\utils\vtf2tga\Debug\"vtf2tga.exe ..\..\..\game\bin\.\vtf2tga.exe >nul
         if ERRORLEVEL 1 goto BuildEventFailed
         if exist "D:\mod source\New folder\sp\src\utils\vtf2tga\Debug\"vtf2tga.map copy "D:\mod source\New folder\sp\src\utils\vtf2tga\Debug\"vtf2tga.map ..\..\..\game\bin\.\vtf2tga.map >nul
         copy "D:\mod source\New folder\sp\src\utils\vtf2tga\Debug\"vtf2tga.pdb ..\..\..\game\bin\.\vtf2tga.pdb >nul
         if ERRORLEVEL 1 goto BuildEventFailed
         goto BuildEventOK
         :BuildEventFailed
         echo *** ERROR! PostBuildStep FAILED for Vtf2tga! EXE or DLL is probably running. ***
         del /q "D:\mod source\New folder\sp\src\utils\vtf2tga\Debug\"vtf2tga.exe
         exit 1
         :BuildEventOK
         
         :VCEnd
     1>Done Building Project "D:\mod source\New folder\sp\src\utils\vtf2tga\vtf2tga.vcxproj" (Build target(s)).

Build succeeded.

Time Elapsed 00:00:02.21
