Build started 10.2.2014. 0:58:13.
     1>Project "D:\mod source\New folder\sp\src\materialsystem\stdshaders\game_shader_dx9_hl2.vcxproj" on node 4 (Build target(s)).
     1>PreBuildEvent:
         if EXIST ..\..\..\game\mod_hl2\bin\.\game_shader_dx9.dll for /f "delims=" %%A in ('attrib "..\..\..\game\mod_hl2\bin\.\game_shader_dx9.dll"') do set valveTmpIsReadOnly="%%A"
         set valveTmpIsReadOnlyLetter=%valveTmpIsReadOnly:~6,1%
         if "%valveTmpIsReadOnlyLetter%"=="R" del /q "D:\mod source\New folder\sp\src\materialsystem\stdshaders\Debug_dx9_mod_hl2\"game_shader_dx9.dll
         if exist "..\..\devtools\bin\vpc.exe" "..\..\devtools\bin\vpc.exe" -crc2 "game_shader_dx9_hl2.vcxproj"
         if ERRORLEVEL 1 exit /b 1
         
         :VCEnd
       CustomBuild:
         Running VPC CRC Check - game_shader_dx9_hl2.vpc
       Link:
         game_shader_dx9_hl2.vcxproj -> D:\mod source\New folder\sp\src\materialsystem\stdshaders\Debug_dx9_mod_hl2\game_shader_dx9.dll
       PostBuildEvent:
         if not exist "..\..\..\game\mod_hl2\bin\." mkdir "..\..\..\game\mod_hl2\bin\."
         copy "D:\mod source\New folder\sp\src\materialsystem\stdshaders\Debug_dx9_mod_hl2\game_shader_dx9.dll" "..\..\..\game\mod_hl2\bin\.\game_shader_dx9.dll"
         if ERRORLEVEL 1 goto BuildEventFailed
         if exist "D:\mod source\New folder\sp\src\materialsystem\stdshaders\Debug_dx9_mod_hl2\game_shader_dx9.map" copy "D:\mod source\New folder\sp\src\materialsystem\stdshaders\Debug_dx9_mod_hl2\game_shader_dx9.map" ..\..\..\game\mod_hl2\bin\.\game_shader_dx9.map
         copy "D:\mod source\New folder\sp\src\materialsystem\stdshaders\Debug_dx9_mod_hl2\game_shader_dx9.pdb" ..\..\..\game\mod_hl2\bin\.\game_shader_dx9.pdb
         if ERRORLEVEL 1 goto BuildEventFailed
         goto BuildEventOK
         :BuildEventFailed
         echo *** ERROR! PostBuildStep FAILED for Shaders (HL2)! EXE or DLL is probably running. ***
         del /q "D:\mod source\New folder\sp\src\materialsystem\stdshaders\Debug_dx9_mod_hl2\game_shader_dx9.dll"
         exit 1
         :BuildEventOK
         
         :VCEnd
                 1 file(s) copied.
                 1 file(s) copied.
     1>Done Building Project "D:\mod source\New folder\sp\src\materialsystem\stdshaders\game_shader_dx9_hl2.vcxproj" (Build target(s)).

Build succeeded.

Time Elapsed 00:00:00.48
