d:\mod source\new folder\sp\src\tier1\debug\vc120.pdb
d:\mod source\new folder\sp\src\tier1\debug\vc120.idb
d:\mod source\new folder\sp\src\tier1\debug\processor_detect.obj
d:\mod source\new folder\sp\src\tier1\tier1.vpc.sentinel
d:\mod source\new folder\sp\src\lib\public\tier1.lib
d:\mod source\new folder\sp\src\tier1\debug\bitbuf.obj
d:\mod source\new folder\sp\src\tier1\debug\byteswap.obj
d:\mod source\new folder\sp\src\tier1\debug\characterset.obj
d:\mod source\new folder\sp\src\tier1\debug\checksum_crc.obj
d:\mod source\new folder\sp\src\tier1\debug\checksum_md5.obj
d:\mod source\new folder\sp\src\tier1\debug\checksum_sha1.obj
d:\mod source\new folder\sp\src\tier1\debug\commandbuffer.obj
d:\mod source\new folder\sp\src\tier1\debug\convar.obj
d:\mod source\new folder\sp\src\tier1\debug\datamanager.obj
d:\mod source\new folder\sp\src\tier1\debug\diff.obj
d:\mod source\new folder\sp\src\tier1\debug\generichash.obj
d:\mod source\new folder\sp\src\tier1\debug\ilocalize.obj
d:\mod source\new folder\sp\src\tier1\debug\interface.obj
d:\mod source\new folder\sp\src\tier1\debug\keyvalues.obj
d:\mod source\new folder\sp\src\tier1\debug\kvpacker.obj
d:\mod source\new folder\sp\src\tier1\debug\lzmadecoder.obj
d:\mod source\new folder\sp\src\tier1\debug\mempool.obj
d:\mod source\new folder\sp\src\tier1\debug\memstack.obj
d:\mod source\new folder\sp\src\tier1\debug\netadr.obj
d:\mod source\new folder\sp\src\tier1\debug\newbitbuf.obj
d:\mod source\new folder\sp\src\tier1\debug\rangecheckedvar.obj
d:\mod source\new folder\sp\src\tier1\debug\reliabletimer.obj
d:\mod source\new folder\sp\src\tier1\debug\snappy-sinksource.obj
d:\mod source\new folder\sp\src\tier1\debug\snappy-stubs-internal.obj
d:\mod source\new folder\sp\src\tier1\debug\snappy.obj
d:\mod source\new folder\sp\src\tier1\debug\sparsematrix.obj
d:\mod source\new folder\sp\src\tier1\debug\splitstring.obj
d:\mod source\new folder\sp\src\tier1\debug\stringpool.obj
d:\mod source\new folder\sp\src\tier1\debug\strtools.obj
d:\mod source\new folder\sp\src\tier1\debug\tier1.obj
d:\mod source\new folder\sp\src\tier1\debug\tokenreader.obj
d:\mod source\new folder\sp\src\tier1\debug\uniqueid.obj
d:\mod source\new folder\sp\src\tier1\debug\utlbuffer.obj
d:\mod source\new folder\sp\src\tier1\debug\utlbufferutil.obj
d:\mod source\new folder\sp\src\tier1\debug\utlstring.obj
d:\mod source\new folder\sp\src\tier1\debug\utlsymbol.obj
d:\mod source\new folder\sp\src\tier1\..\lib\public\.\tier1.lib
d:\mod source\new folder\sp\src\tier1\debug\tier1.tlog\cl.command.1.tlog
d:\mod source\new folder\sp\src\tier1\debug\tier1.tlog\cl.read.1.tlog
d:\mod source\new folder\sp\src\tier1\debug\tier1.tlog\cl.write.1.tlog
d:\mod source\new folder\sp\src\tier1\debug\tier1.tlog\custombuild.command.1.tlog
d:\mod source\new folder\sp\src\tier1\debug\tier1.tlog\custombuild.read.1.tlog
d:\mod source\new folder\sp\src\tier1\debug\tier1.tlog\custombuild.write.1.tlog
d:\mod source\new folder\sp\src\tier1\debug\tier1.tlog\lib-link.read.1.tlog
d:\mod source\new folder\sp\src\tier1\debug\tier1.tlog\lib-link.write.1.tlog
d:\mod source\new folder\sp\src\tier1\debug\tier1.tlog\lib.command.1.tlog
