Build started 10.5.2014. 22:18:27.
     1>Project "D:\mod source\New folder\sp\src\game\client\client_episodic.vcxproj" on node 3 (Build target(s)).
     1>C:\Program Files (x86)\MSBuild\Microsoft.Cpp\v4.0\V120\Microsoft.CppBuild.targets(381,5): warning MSB8028: The intermediate directory (.\Debug_mod_episodic\) contains files shared from another project (Client (Episodic).vcxproj).  This can lead to incorrect clean and rebuild behavior.
     1>PreBuildEvent:
         if EXIST ..\..\..\game\mod_episodic\bin\.\client.dll for /f "delims=" %%A in ('attrib "..\..\..\game\mod_episodic\bin\.\client.dll"') do set valveTmpIsReadOnly="%%A"
         set valveTmpIsReadOnlyLetter=%valveTmpIsReadOnly:~6,1%
         if "%valveTmpIsReadOnlyLetter%"=="R" del /q "D:\mod source\New folder\sp\src\game\client\Debug_mod_episodic\"client.dll
         if exist "..\..\devtools\bin\vpc.exe" "..\..\devtools\bin\vpc.exe" -crc2 "client_episodic.vcxproj"
         if ERRORLEVEL 1 exit /b 1
         
         :VCEnd
       CustomBuild:
         Running VPC CRC Check - client_episodic.vpc
       Link:
         client_episodic.vcxproj -> D:\mod source\New folder\sp\src\game\client\.\Debug_mod_episodic\client.dll
       PostBuildEvent:
         if not exist "D:\Program Files (x86)\Steam\SteamApps\sourcemods\insolence-git\bin\." mkdir "D:\Program Files (x86)\Steam\SteamApps\sourcemods\insolence-git\bin\."
         copy "D:\mod source\New folder\sp\src\game\client\Debug_mod_episodic\client.dll" "D:\Program Files (x86)\Steam\SteamApps\sourcemods\insolence-git\bin\.\client.dll"
         if ERRORLEVEL 1 goto BuildEventFailed
         if exist "D:\mod source\New folder\sp\src\game\client\Debug_mod_episodic\client.map" copy "D:\mod source\New folder\sp\src\game\client\Debug_mod_episodic\client.map" "D:\Program Files (x86)\Steam\SteamApps\sourcemods\insolence-git\bin\.\client.map"
         copy "D:\mod source\New folder\sp\src\game\client\Debug_mod_episodic\client.pdb" "D:\Program Files (x86)\Steam\SteamApps\sourcemods\insolence-git\bin\.\client.pdb"
         if ERRORLEVEL 1 goto BuildEventFailed
         goto BuildEventOK
         :BuildEventFailed
         echo *** ERROR! PostBuildStep FAILED for Client (Insolence)! EXE or DLL is probably running. ***
         del /q "D:\mod source\New folder\sp\src\game\client\Debug_mod_episodic\client.dll"
         exit 1
         :BuildEventOK
         
         :VCEnd
                 1 file(s) copied.
                 1 file(s) copied.
     1>Done Building Project "D:\mod source\New folder\sp\src\game\client\client_episodic.vcxproj" (Build target(s)).

Build succeeded.

Time Elapsed 00:00:02.55
