Build started 10.2.2014. 0:58:14.
     1>Project "D:\mod source\New folder\sp\src\utils\glview\glview.vcxproj" on node 5 (Build target(s)).
     1>PreBuildEvent:
         if EXIST ..\..\..\game\bin\.\glview.exe for /f "delims=" %%A in ('attrib "..\..\..\game\bin\.\glview.exe"') do set valveTmpIsReadOnly="%%A"
         set valveTmpIsReadOnlyLetter=%valveTmpIsReadOnly:~6,1%
         if "%valveTmpIsReadOnlyLetter%"=="R" del /q "D:\mod source\New folder\sp\src\utils\glview\Debug\"glview.exe
         if exist "..\..\devtools\bin\vpc.exe" "..\..\devtools\bin\vpc.exe" -crc2 "glview.vcxproj"
         if ERRORLEVEL 1 exit /b 1
         
         :VCEnd
       CustomBuild:
         Running VPC CRC Check - glview.vpc
       Link:
         glview.vcxproj -> D:\mod source\New folder\sp\src\utils\glview\.\Debug\.\glview.exe
       PostBuildEvent:
         copy "D:\mod source\New folder\sp\src\utils\glview\Debug\"glview.exe ..\..\..\game\bin\.\glview.exe >nul
         if ERRORLEVEL 1 goto BuildEventFailed
         if exist "D:\mod source\New folder\sp\src\utils\glview\Debug\"glview.map copy "D:\mod source\New folder\sp\src\utils\glview\Debug\"glview.map ..\..\..\game\bin\.\glview.map >nul
         copy "D:\mod source\New folder\sp\src\utils\glview\Debug\"glview.pdb ..\..\..\game\bin\.\glview.pdb >nul
         if ERRORLEVEL 1 goto BuildEventFailed
         goto BuildEventOK
         :BuildEventFailed
         echo *** ERROR! PostBuildStep FAILED for Glview! EXE or DLL is probably running. ***
         del /q "D:\mod source\New folder\sp\src\utils\glview\Debug\"glview.exe
         exit 1
         :BuildEventOK
         
         :VCEnd
     1>Done Building Project "D:\mod source\New folder\sp\src\utils\glview\glview.vcxproj" (Build target(s)).

Build succeeded.

Time Elapsed 00:00:00.73
