Build started 10.2.2014. 1:01:00.
     1>Project "D:\mod source\New folder\sp\src\utils\phonemeextractor\phonemeextractor.vcxproj" on node 2 (Build target(s)).
     1>PreBuildEvent:
         if EXIST ..\..\..\game\bin\phonemeextractors\.\phonemeextractor.dll for /f "delims=" %%A in ('attrib "..\..\..\game\bin\phonemeextractors\.\phonemeextractor.dll"') do set valveTmpIsReadOnly="%%A"
         set valveTmpIsReadOnlyLetter=%valveTmpIsReadOnly:~6,1%
         if "%valveTmpIsReadOnlyLetter%"=="R" del /q "D:\mod source\New folder\sp\src\utils\phonemeextractor\Debug\"phonemeextractor.dll
         if exist "..\..\devtools\bin\vpc.exe" "..\..\devtools\bin\vpc.exe" -crc2 "phonemeextractor.vcxproj"
         if ERRORLEVEL 1 exit /b 1
         
         :VCEnd
       CustomBuild:
         Running VPC CRC Check - phonemeextractor.vpc
       Link:
         phonemeextractor.vcxproj -> D:\mod source\New folder\sp\src\utils\phonemeextractor\.\Debug\.\phonemeextractor.dll
       PostBuildEvent:
         if not exist "..\..\..\game\bin\phonemeextractors\." mkdir "..\..\..\game\bin\phonemeextractors\."
         copy "D:\mod source\New folder\sp\src\utils\phonemeextractor\Debug\phonemeextractor.dll" "..\..\..\game\bin\phonemeextractors\.\phonemeextractor.dll"
         if ERRORLEVEL 1 goto BuildEventFailed
         if exist "D:\mod source\New folder\sp\src\utils\phonemeextractor\Debug\phonemeextractor.map" copy "D:\mod source\New folder\sp\src\utils\phonemeextractor\Debug\phonemeextractor.map" ..\..\..\game\bin\phonemeextractors\.\phonemeextractor.map
         copy "D:\mod source\New folder\sp\src\utils\phonemeextractor\Debug\phonemeextractor.pdb" ..\..\..\game\bin\phonemeextractors\.\phonemeextractor.pdb
         if ERRORLEVEL 1 goto BuildEventFailed
         goto BuildEventOK
         :BuildEventFailed
         echo *** ERROR! PostBuildStep FAILED for Phonemeextractor! EXE or DLL is probably running. ***
         del /q "D:\mod source\New folder\sp\src\utils\phonemeextractor\Debug\phonemeextractor.dll"
         exit 1
         :BuildEventOK
         
         :VCEnd
                 1 file(s) copied.
                 1 file(s) copied.
     1>Done Building Project "D:\mod source\New folder\sp\src\utils\phonemeextractor\phonemeextractor.vcxproj" (Build target(s)).

Build succeeded.

Time Elapsed 00:00:00.28
