Build started 10.2.2014. 0:58:19.
     1>Project "D:\mod source\New folder\sp\src\utils\vrad_launcher\vrad_launcher.vcxproj" on node 5 (Build target(s)).
     1>PreBuildEvent:
         if EXIST ..\..\..\game\bin\.\vrad.exe for /f "delims=" %%A in ('attrib "..\..\..\game\bin\.\vrad.exe"') do set valveTmpIsReadOnly="%%A"
         set valveTmpIsReadOnlyLetter=%valveTmpIsReadOnly:~6,1%
         if "%valveTmpIsReadOnlyLetter%"=="R" del /q "D:\mod source\New folder\sp\src\utils\vrad_launcher\Debug\"vrad.exe
         if exist "..\..\devtools\bin\vpc.exe" "..\..\devtools\bin\vpc.exe" -crc2 "vrad_launcher.vcxproj"
         if ERRORLEVEL 1 exit /b 1
         
         :VCEnd
       CustomBuild:
         Running VPC CRC Check - vrad_launcher.vpc
       Link:
         vrad_launcher.vcxproj -> D:\mod source\New folder\sp\src\utils\vrad_launcher\.\Debug\.\vrad.exe
       PostBuildEvent:
         copy "D:\mod source\New folder\sp\src\utils\vrad_launcher\Debug\"vrad.exe ..\..\..\game\bin\.\vrad.exe >nul
         if ERRORLEVEL 1 goto BuildEventFailed
         if exist "D:\mod source\New folder\sp\src\utils\vrad_launcher\Debug\"vrad.map copy "D:\mod source\New folder\sp\src\utils\vrad_launcher\Debug\"vrad.map ..\..\..\game\bin\.\vrad.map >nul
         copy "D:\mod source\New folder\sp\src\utils\vrad_launcher\Debug\"vrad.pdb ..\..\..\game\bin\.\vrad.pdb >nul
         if ERRORLEVEL 1 goto BuildEventFailed
         goto BuildEventOK
         :BuildEventFailed
         echo *** ERROR! PostBuildStep FAILED for Vrad_launcher! EXE or DLL is probably running. ***
         del /q "D:\mod source\New folder\sp\src\utils\vrad_launcher\Debug\"vrad.exe
         exit 1
         :BuildEventOK
         
         :VCEnd
     1>Done Building Project "D:\mod source\New folder\sp\src\utils\vrad_launcher\vrad_launcher.vcxproj" (Build target(s)).

Build succeeded.

Time Elapsed 00:00:00.42
