Build started 21.3.2014. 1:45:01.
     1>Project "D:\mod source\New folder\sp\src\utils\vice\vice.vcxproj" on node 2 (Build target(s)).
     1>PreBuildEvent:
         if EXIST ..\..\..\game\bin\.\vice.exe for /f "delims=" %%A in ('attrib "..\..\..\game\bin\.\vice.exe"') do set valveTmpIsReadOnly="%%A"
         set valveTmpIsReadOnlyLetter=%valveTmpIsReadOnly:~6,1%
         if "%valveTmpIsReadOnlyLetter%"=="R" del /q "D:\mod source\New folder\sp\src\utils\vice\Release\"vice.exe
         if exist "..\..\devtools\bin\vpc.exe" "..\..\devtools\bin\vpc.exe" -crc2 "vice.vcxproj"
         if ERRORLEVEL 1 exit /b 1
         
         :VCEnd
       CustomBuild:
         Running VPC CRC Check - vice.vpc
       Link:
         D:\Program Files (x86)\Microsoft Visual Studio 12.0\VC\bin\link.exe /ERRORREPORT:PROMPT /OUT:".\Release\.\\vice.exe" /INCREMENTAL:NO /NOLOGO shell32.lib user32.lib advapi32.lib gdi32.lib comdlg32.lib ole32.lib /NODEFAULTLIB:libc /NODEFAULTLIB:libcd /NODEFAULTLIB:libcmtd /MANIFEST /MANIFESTUAC:"level='asInvoker' uiAccess='false'" /manifest:embed /DEBUG /PDB:".\Release\.\/vice.pdb" /SUBSYSTEM:CONSOLE,"5.01" /OPT:REF /OPT:NOICF /TLBID:1 /DYNAMICBASE:NO /NXCOMPAT /IMPLIB:".\Release\.\vice.lib" /MACHINE:X86 /SAFESEH:NO /NXCOMPAT /ignore:4221 .\Release\.\\pointeroverride.obj
         .\Release\.\/cmdlib.obj
         .\Release\.\/filesystem_helpers.obj
         .\Release\.\/filesystem_init.obj
         .\Release\.\/filesystem_tools.obj
         .\Release\.\/memoverride.obj
         .\Release\.\/vice.obj
         ..\..\lib\public\mathlib.lib
         ..\..\lib\public\tier0.lib
         ..\..\lib\public\tier1.lib
         ..\..\lib\public\tier2.lib
         ..\..\lib\public\vstdlib.lib
     1>mathlib.lib(IceKey.obj) : warning LNK4075: ignoring '/EDITANDCONTINUE' due to '/OPT:LBR' specification
            Creating library .\Release\.\vice.lib and object .\Release\.\vice.exp
         vice.vcxproj -> D:\mod source\New folder\sp\src\utils\vice\.\Release\.\vice.exe
       PostBuildEvent:
         copy "D:\mod source\New folder\sp\src\utils\vice\Release\"vice.exe ..\..\..\game\bin\.\vice.exe >nul
         if ERRORLEVEL 1 goto BuildEventFailed
         if exist "D:\mod source\New folder\sp\src\utils\vice\Release\"vice.map copy "D:\mod source\New folder\sp\src\utils\vice\Release\"vice.map ..\..\..\game\bin\.\vice.map >nul
         copy "D:\mod source\New folder\sp\src\utils\vice\Release\"vice.pdb ..\..\..\game\bin\.\vice.pdb >nul
         if ERRORLEVEL 1 goto BuildEventFailed
         goto BuildEventOK
         :BuildEventFailed
         echo *** ERROR! PostBuildStep FAILED for Vice! EXE or DLL is probably running. ***
         del /q "D:\mod source\New folder\sp\src\utils\vice\Release\"vice.exe
         exit 1
         :BuildEventOK
         
         :VCEnd
     1>Done Building Project "D:\mod source\New folder\sp\src\utils\vice\vice.vcxproj" (Build target(s)).

Build succeeded.

Time Elapsed 00:00:03.37
