Build started 10.2.2014. 0:58:18.
     1>Project "D:\mod source\New folder\sp\src\utils\vrad\vrad_dll.vcxproj" on node 2 (Build target(s)).
     1>PreBuildEvent:
         if EXIST ..\..\..\game\bin\.\vrad_dll.dll for /f "delims=" %%A in ('attrib "..\..\..\game\bin\.\vrad_dll.dll"') do set valveTmpIsReadOnly="%%A"
         set valveTmpIsReadOnlyLetter=%valveTmpIsReadOnly:~6,1%
         if "%valveTmpIsReadOnlyLetter%"=="R" del /q "D:\mod source\New folder\sp\src\utils\vrad\Debug\"vrad_dll.dll
         if exist "..\..\devtools\bin\vpc.exe" "..\..\devtools\bin\vpc.exe" -crc2 "vrad_dll.vcxproj"
         if ERRORLEVEL 1 exit /b 1
         
         :VCEnd
       CustomBuild:
         Running VPC CRC Check - vrad_dll.vpc
       Link:
         vrad_dll.vcxproj -> D:\mod source\New folder\sp\src\utils\vrad\.\Debug\.\vrad_dll.dll
       PostBuildEvent:
         if not exist "..\..\..\game\bin\." mkdir "..\..\..\game\bin\."
         copy "D:\mod source\New folder\sp\src\utils\vrad\Debug\vrad_dll.dll" "..\..\..\game\bin\.\vrad_dll.dll"
         if ERRORLEVEL 1 goto BuildEventFailed
         if exist "D:\mod source\New folder\sp\src\utils\vrad\Debug\vrad_dll.map" copy "D:\mod source\New folder\sp\src\utils\vrad\Debug\vrad_dll.map" ..\..\..\game\bin\.\vrad_dll.map
         copy "D:\mod source\New folder\sp\src\utils\vrad\Debug\vrad_dll.pdb" ..\..\..\game\bin\.\vrad_dll.pdb
         if ERRORLEVEL 1 goto BuildEventFailed
         goto BuildEventOK
         :BuildEventFailed
         echo *** ERROR! PostBuildStep FAILED for Vrad_dll! EXE or DLL is probably running. ***
         del /q "D:\mod source\New folder\sp\src\utils\vrad\Debug\vrad_dll.dll"
         exit 1
         :BuildEventOK
         
         :VCEnd
                 1 file(s) copied.
                 1 file(s) copied.
     1>Done Building Project "D:\mod source\New folder\sp\src\utils\vrad\vrad_dll.vcxproj" (Build target(s)).

Build succeeded.

Time Elapsed 00:00:02.29
